<?xml version="1.0" encoding="UTF-8"?>
<!-- Generated by org.testng.reporters.JUnitReportReporter -->
<testsuite hostname="Yasmins-Air" failures="0" tests="2" name="TestNG.TestNGXMLDemo" time="5.884" errors="0" timestamp="2023-11-16T13:19:14 EST" skipped="0">
  <testcase classname="TestNG.TestNGXMLDemo" name="loginValidation" time="3.294">
    <system-out>
      <![CDATA[Login is successeful and test case is passed.]]>
    </system-out>
  </testcase> <!-- loginValidation -->
  <testcase classname="TestNG.TestNGXMLDemo" name="adminTabValidation" time="2.590">
    <system-out>
      <![CDATA[Title is matching and test case passed]]>
    </system-out>
  </testcase> <!-- adminTabValidation -->
  <system-out>
    <![CDATA[Login is successeful and test case is passed.
Title is matching and test case passed]]>
  </system-out>
</testsuite> <!-- TestNG.TestNGXMLDemo -->
