<?xml version="1.0" encoding="UTF-8"?>
<!-- Generated by org.testng.reporters.JUnitReportReporter -->
<testsuite hostname="Yasmins-Air" failures="0" tests="3" name="TestNG.BasicTestCases" time="0.125" errors="0" timestamp="2023-10-27T10:46:05 EDT" skipped="0">
  <testcase classname="TestNG.BasicTestCases" name="Btest" time="0.066"/>
  <testcase classname="TestNG.BasicTestCases" name="test" time="0.034"/>
  <testcase classname="TestNG.BasicTestCases" name="Ctest" time="0.025"/>
</testsuite> <!-- TestNG.BasicTestCases -->
