<?xml version="1.0" encoding="UTF-8"?>
<!-- Generated by org.testng.reporters.JUnitReportReporter -->
<testsuite hostname="Yasmins-Air" failures="0" tests="2" name="TestNG.EnableAttributeInTestNG" time="0.063" errors="0" timestamp="2023-10-27T11:24:11 EDT" skipped="1">
  <testcase classname="TestNG.EnableAttributeInTestNG" name="testA" time="0.063"/>
  <testcase classname="TestNG.EnableAttributeInTestNG" name="testB">
    <skipped/>
  </testcase> <!-- testB -->
</testsuite> <!-- TestNG.EnableAttributeInTestNG -->
