<?xml version="1.0" encoding="UTF-8"?>
<!-- Generated by org.testng.reporters.JUnitReportReporter -->
<testsuite hostname="Yasmins-Air" failures="0" tests="2" name="TestNG.AnnotationImplentation" time="31.372" errors="0" timestamp="2023-11-06T11:17:24 EST" skipped="0">
  <testcase classname="TestNG.AnnotationImplentation" name="urlValidation" time="10.265">
    <system-out>
      <![CDATA[URL is matching, test case is passed.]]>
    </system-out>
  </testcase> <!-- urlValidation -->
  <testcase classname="TestNG.AnnotationImplentation" name="titleValidation" time="21.107">
    <system-out>
      <![CDATA[Tite is matching, test case is passed.]]>
    </system-out>
  </testcase> <!-- titleValidation -->
  <system-out>
    <![CDATA[URL is matching, test case is passed.
Tite is matching, test case is passed.]]>
  </system-out>
</testsuite> <!-- TestNG.AnnotationImplentation -->
