<?xml version="1.0" encoding="UTF-8"?>
<!-- Generated by org.testng.reporters.JUnitReportReporter -->
<testsuite hostname="Yasmins-Air" failures="0" tests="3" name="TestNG.TestNGAssertion" time="0.166" errors="0" timestamp="2023-11-06T10:53:47 EST" skipped="0">
  <testcase classname="TestNG.TestNGAssertion" name="testCase1" time="0.153"/>
  <testcase classname="TestNG.TestNGAssertion" name="testCase3" time="0.006"/>
  <testcase classname="TestNG.TestNGAssertion" name="testCase2" time="0.007"/>
</testsuite> <!-- TestNG.TestNGAssertion -->
