<?xml version="1.0" encoding="UTF-8"?>
<!-- Generated by org.testng.reporters.JUnitReportReporter -->
<testsuite hostname="Yasmins-Air" failures="0" tests="5" name="TestNG.Parameterization" time="12.520" errors="0" timestamp="2023-11-21T10:42:36 EST" skipped="0">
  <testcase classname="TestNG.Parameterization" name="urlValidation" time="0.096">
    <system-out>
      <![CDATA[URL is matching and test case is passed.]]>
    </system-out>
  </testcase> <!-- urlValidation -->
  <testcase classname="TestNG.Parameterization" name="titleValidation" time="0.053">
    <system-out>
      <![CDATA[Title is matching and test case is passed.]]>
    </system-out>
  </testcase> <!-- titleValidation -->
  <testcase classname="TestNG.Parameterization" name="loginValidation" time="5.269">
    <system-out>
      <![CDATA[Login is successeful and test case is passed.]]>
    </system-out>
  </testcase> <!-- loginValidation -->
  <testcase classname="TestNG.Parameterization" name="adminTabValidation" time="3.622">
    <system-out>
      <![CDATA[Title is matching and test case passed]]>
    </system-out>
  </testcase> <!-- adminTabValidation -->
  <testcase classname="TestNG.Parameterization" name="logout" time="3.480"/>
  <system-out>
    <![CDATA[URL is matching and test case is passed.
Title is matching and test case is passed.
Login is successeful and test case is passed.
Title is matching and test case passed]]>
  </system-out>
</testsuite> <!-- TestNG.Parameterization -->
