<?xml version="1.0" encoding="UTF-8"?>
<!-- Generated by org.testng.reporters.JUnitReportReporter -->
<testsuite hostname="Yasmins-Air" failures="0" tests="5" name="TestNG.Priorities" time="0.133" errors="0" timestamp="2023-10-27T11:00:09 EDT" skipped="0">
  <testcase classname="TestNG.Priorities" name="Btest" time="0.065"/>
  <testcase classname="TestNG.Priorities" name="Atest" time="0.002"/>
  <testcase classname="TestNG.Priorities" name="test" time="0.005"/>
  <testcase classname="TestNG.Priorities" name="Ctest" time="0.028"/>
  <testcase classname="TestNG.Priorities" name="Dtest" time="0.033"/>
</testsuite> <!-- TestNG.Priorities -->
