<?xml version="1.0" encoding="UTF-8"?>
<!-- Generated by org.testng.reporters.JUnitReportReporter -->
<testsuite hostname="Yasmins-Air" failures="0" tests="5" name="TestNG.ReporterInTestNG" time="0.130" errors="0" timestamp="2023-10-27T11:12:36 EDT" skipped="0">
  <testcase classname="TestNG.ReporterInTestNG" name="Atest" time="0.049">
    <system-out>
      <![CDATA[Test Case 1]]>
    </system-out>
  </testcase> <!-- Atest -->
  <testcase classname="TestNG.ReporterInTestNG" name="test" time="0.029">
    <system-out>
      <![CDATA[Test Case 2]]>
    </system-out>
  </testcase> <!-- test -->
  <testcase classname="TestNG.ReporterInTestNG" name="Btest" time="0.017">
    <system-out>
      <![CDATA[Test Case 3]]>
    </system-out>
  </testcase> <!-- Btest -->
  <testcase classname="TestNG.ReporterInTestNG" name="Ctest" time="0.032">
    <system-out>
      <![CDATA[Test Case 4]]>
    </system-out>
  </testcase> <!-- Ctest -->
  <testcase classname="TestNG.ReporterInTestNG" name="Dtest" time="0.003">
    <system-out>
      <![CDATA[Test Case 5]]>
    </system-out>
  </testcase> <!-- Dtest -->
  <system-out>
    <![CDATA[Test Case 1
Test Case 2
Test Case 3
Test Case 4
Test Case 5]]>
  </system-out>
</testsuite> <!-- TestNG.ReporterInTestNG -->
