<?xml version="1.0" encoding="UTF-8"?>
<!-- Generated by org.testng.reporters.JUnitReportReporter -->
<testsuite hostname="Yasmins-Air" failures="0" tests="4" name="TestNG.SoftAsserts" time="45.553" errors="0" timestamp="2023-10-31T14:34:59 EDT" skipped="0">
  <testcase classname="TestNG.SoftAsserts" name="launchBrowser" time="41.941"/>
  <testcase classname="TestNG.SoftAsserts" name="urlValidation" time="2.644">
    <system-out>
      <![CDATA[URL is matching and test case has passed.]]>
    </system-out>
  </testcase> <!-- urlValidation -->
  <testcase classname="TestNG.SoftAsserts" name="titleValidation" time="0.201">
    <system-out>
      <![CDATA[Title is matching and test case has passed]]>
    </system-out>
  </testcase> <!-- titleValidation -->
  <testcase classname="TestNG.SoftAsserts" name="tearDown" time="0.767"/>
  <system-out>
    <![CDATA[URL is matching and test case has passed.
Title is matching and test case has passed]]>
  </system-out>
</testsuite> <!-- TestNG.SoftAsserts -->
