<?xml version="1.0" encoding="UTF-8"?>
<!-- Generated by org.testng.reporters.JUnitReportReporter -->
<testsuite hostname="Yasmins-MacBook-Air.local" failures="0" tests="5" name="TestNG.InvocationCountInTestNG" time="0.031" errors="0" timestamp="2023-10-31T18:01:28 EDT" skipped="0">
  <testcase classname="TestNG.InvocationCountInTestNG" name="testA" time="0.014"/>
  <testcase classname="TestNG.InvocationCountInTestNG" name="testA" time="0.003"/>
  <testcase classname="TestNG.InvocationCountInTestNG" name="testA" time="0.003"/>
  <testcase classname="TestNG.InvocationCountInTestNG" name="testA" time="0.005"/>
  <testcase classname="TestNG.InvocationCountInTestNG" name="testA" time="0.006"/>
</testsuite> <!-- TestNG.InvocationCountInTestNG -->
